<?xml version="1.0" encoding="utf-8"?><testsuites name="pytest tests"><testsuite name="pytest" errors="0" failures="0" skipped="0" tests="25" time="14.506" timestamp="2026-04-28T09:40:41.209345+00:00" hostname="agent-env-66c97166-e367-4738-926d-e151e7e34692"><testcase classname="backend.tests.test_ember_auth_api.TestAuthGating" name="test_me_no_auth" time="0.254" /><testcase classname="backend.tests.test_ember_auth_api.TestAuthGating" name="test_session_invalid" time="0.157" /><testcase classname="backend.tests.test_ember_auth_api.TestAuthGating" name="test_all_endpoints_require_auth[GET-/conversations-None]" time="0.051" /><testcase classname="backend.tests.test_ember_auth_api.TestAuthGating" name="test_all_endpoints_require_auth[POST-/conversations-body1]" time="0.044" /><testcase classname="backend.tests.test_ember_auth_api.TestAuthGating" name="test_all_endpoints_require_auth[POST-/chat-body2]" time="0.044" /><testcase classname="backend.tests.test_ember_auth_api.TestAuthGating" name="test_all_endpoints_require_auth[GET-/memory-None]" time="0.044" /><testcase classname="backend.tests.test_ember_auth_api.TestAuthGating" name="test_all_endpoints_require_auth[POST-/memory-body4]" time="0.045" /><testcase classname="backend.tests.test_ember_auth_api.TestAuthGating" name="test_all_endpoints_require_auth[PATCH-/memory/abc-body5]" time="0.045" /><testcase classname="backend.tests.test_ember_auth_api.TestAuthGating" name="test_all_endpoints_require_auth[DELETE-/memory/abc-None]" time="0.046" /><testcase classname="backend.tests.test_ember_auth_api.TestAuthGating" name="test_all_endpoints_require_auth[GET-/settings/persona-None]" time="0.046" /><testcase classname="backend.tests.test_ember_auth_api.TestAuthGating" name="test_all_endpoints_require_auth[PUT-/settings/persona-body8]" time="0.043" /><testcase classname="backend.tests.test_ember_auth_api.TestAuthMe" name="test_me_ok" time="0.139" /><testcase classname="backend.tests.test_ember_auth_api.TestConversationsAndChat" name="test_create_conversation" time="0.051" /><testcase classname="backend.tests.test_ember_auth_api.TestConversationsAndChat" name="test_list_conversations" time="0.047" /><testcase classname="backend.tests.test_ember_auth_api.TestConversationsAndChat" name="test_chat_real_claude" time="4.786" /><testcase classname="backend.tests.test_ember_auth_api.TestConversationsAndChat" name="test_messages_persisted" time="0.904" /><testcase classname="backend.tests.test_ember_auth_api.TestConversationsAndChat" name="test_rename" time="0.047" /><testcase classname="backend.tests.test_ember_auth_api.TestConversationsAndChat" name="test_delete_clears_messages" time="0.092" /><testcase classname="backend.tests.test_ember_auth_api.TestMemory" name="test_crud" time="0.181" /><testcase classname="backend.tests.test_ember_auth_api.TestPersona" name="test_get_default" time="0.045" /><testcase classname="backend.tests.test_ember_auth_api.TestPersona" name="test_update_and_get" time="0.101" /><testcase classname="backend.tests.test_ember_auth_api.TestPersona" name="test_empty_resets_to_default" time="0.090" /><testcase classname="backend.tests.test_ember_auth_api.TestPersona" name="test_too_long" time="0.045" /><testcase classname="backend.tests.test_ember_auth_api.TestIsolation" name="test_separate_data" time="0.528" /><testcase classname="backend.tests.test_ember_auth_api.TestAutoExtraction" name="test_grows_after_chat" time="6.459" /></testsuite></testsuites>