<?xml version="1.0" encoding="utf-8"?><testsuites name="pytest tests"><testsuite name="pytest" errors="0" failures="0" skipped="0" tests="18" time="11.876" timestamp="2026-04-28T08:19:09.277829+00:00" hostname="agent-env-66c97166-e367-4738-926d-e151e7e34692"><testcase classname="backend.tests.test_ember_api.TestHealth" name="test_root" time="0.289" /><testcase classname="backend.tests.test_ember_api.TestConversations" name="test_create_and_list" time="0.094" /><testcase classname="backend.tests.test_ember_api.TestConversations" name="test_rename" time="0.095" /><testcase classname="backend.tests.test_ember_api.TestConversations" name="test_rename_404" time="0.047" /><testcase classname="backend.tests.test_ember_api.TestConversations" name="test_delete" time="0.089" /><testcase classname="backend.tests.test_ember_api.TestChat" name="test_chat_creates_conversation" time="1.295" /><testcase classname="backend.tests.test_ember_api.TestChat" name="test_messages_persisted" time="1.467" /><testcase classname="backend.tests.test_ember_api.TestChat" name="test_auto_title" time="0.047" /><testcase classname="backend.tests.test_ember_api.TestChat" name="test_multi_turn_context" time="2.012" /><testcase classname="backend.tests.test_ember_api.TestChat" name="test_chat_invalid_conv" time="1.430" /><testcase classname="backend.tests.test_ember_api.TestChat" name="test_cleanup" time="0.048" /><testcase classname="backend.tests.test_ember_api.TestMemory" name="test_create_memory" time="0.056" /><testcase classname="backend.tests.test_ember_api.TestMemory" name="test_list_memory" time="0.063" /><testcase classname="backend.tests.test_ember_api.TestMemory" name="test_update_memory" time="0.103" /><testcase classname="backend.tests.test_ember_api.TestMemory" name="test_update_404" time="0.043" /><testcase classname="backend.tests.test_ember_api.TestMemory" name="test_empty_content_rejected" time="0.043" /><testcase classname="backend.tests.test_ember_api.TestMemory" name="test_delete_memory" time="0.086" /><testcase classname="backend.tests.test_ember_api.TestAutoMemoryExtraction" name="test_extract_from_chat" time="4.390" /></testsuite></testsuites>